{"timestamp":"2025-08-13T16:42:00.967Z","level":"INFO","message":"Performance middleware configured"}
{"timestamp":"2025-08-13T16:42:13.858Z","level":"INFO","message":"Performance middleware configured"}
{"timestamp":"2025-08-13T16:42:13.942Z","level":"INFO","message":"Looper server started on port 5000","metadata":{"environment":"development","port":5000,"timestamp":"2025-08-13T16:42:13.942Z"}}
{"timestamp":"2025-08-13T16:42:26.304Z","level":"INFO","message":"API Request: GET /","metadata":{"method":"GET","path":"/","responseTime":62,"statusCode":200}}
{"timestamp":"2025-08-13T16:42:26.662Z","level":"INFO","message":"API Request: GET /src/main.tsx","metadata":{"method":"GET","path":"/src/main.tsx","responseTime":44,"statusCode":200}}
{"timestamp":"2025-08-13T16:42:26.697Z","level":"INFO","message":"API Request: GET /@vite/client","metadata":{"method":"GET","path":"/@vite/client","responseTime":88,"statusCode":200}}
{"timestamp":"2025-08-13T16:42:27.374Z","level":"INFO","message":"API Request: GET /src/App.tsx","metadata":{"method":"GET","path":"/src/App.tsx","responseTime":23,"statusCode":200}}
{"timestamp":"2025-08-13T16:42:27.376Z","level":"INFO","message":"API Request: GET /@fs/home/runner/workspace/node_modules/vite/dist/client/env.mjs","metadata":{"method":"GET","path":"/@fs/home/runner/workspace/node_modules/vite/dist/client/env.mjs","responseTime":26,"statusCode":200}}
{"timestamp":"2025-08-13T16:42:28.249Z","level":"INFO","message":"API Request: GET /src/index.css","metadata":{"method":"GET","path":"/src/index.css","responseTime":884,"statusCode":200}}
{"timestamp":"2025-08-13T16:42:28.258Z","level":"INFO","message":"API Request: GET /@react-refresh","metadata":{"method":"GET","path":"/@react-refresh","responseTime":68,"statusCode":200}}
{"timestamp":"2025-08-13T16:42:28.271Z","level":"INFO","message":"API Request: GET /src/lib/queryClient.ts","metadata":{"method":"GET","path":"/src/lib/queryClient.ts","responseTime":16,"statusCode":200}}
{"timestamp":"2025-08-13T16:42:28.330Z","level":"INFO","message":"API Request: GET /src/components/ui/tooltip.tsx","metadata":{"method":"GET","path":"/src/components/ui/tooltip.tsx","responseTime":3,"statusCode":200}}
{"timestamp":"2025-08-13T16:42:28.331Z","level":"INFO","message":"API Request: GET /src/components/ui/toaster.tsx","metadata":{"method":"GET","path":"/src/components/ui/toaster.tsx","responseTime":8,"statusCode":200}}
{"timestamp":"2025-08-13T16:42:28.341Z","level":"INFO","message":"API Request: GET /src/hooks/useAuth.ts","metadata":{"method":"GET","path":"/src/hooks/useAuth.ts","responseTime":6,"statusCode":200}}
{"timestamp":"2025-08-13T16:42:28.343Z","level":"INFO","message":"API Request: GET /src/pages/landing.tsx","metadata":{"method":"GET","path":"/src/pages/landing.tsx","responseTime":7,"statusCode":200}}
{"timestamp":"2025-08-13T16:42:28.353Z","level":"INFO","message":"API Request: GET /src/pages/not-found.tsx","metadata":{"method":"GET","path":"/src/pages/not-found.tsx","responseTime":1,"statusCode":200}}
{"timestamp":"2025-08-13T16:42:28.354Z","level":"INFO","message":"API Request: GET /src/pages/home.tsx","metadata":{"method":"GET","path":"/src/pages/home.tsx","responseTime":4,"statusCode":200}}
{"timestamp":"2025-08-13T16:42:28.391Z","level":"INFO","message":"API Request: GET /@fs/home/runner/workspace/node_modules/.vite/deps/react.js","metadata":{"method":"GET","path":"/@fs/home/runner/workspace/node_modules/.vite/deps/react.js","responseTime":30,"statusCode":200}}
{"timestamp":"2025-08-13T16:42:28.407Z","level":"INFO","message":"API Request: GET /src/lib/utils.ts","metadata":{"method":"GET","path":"/src/lib/utils.ts","responseTime":7,"statusCode":200}}
{"timestamp":"2025-08-13T16:42:28.408Z","level":"INFO","message":"API Request: GET /@fs/home/runner/workspace/node_modules/.vite/deps/react-dom_client.js","metadata":{"method":"GET","path":"/@fs/home/runner/workspace/node_modules/.vite/deps/react-dom_client.js","responseTime":1689,"statusCode":200}}
{"timestamp":"2025-08-13T16:42:28.408Z","level":"WARN","message":"Slow API request","metadata":{"method":"GET","path":"/@fs/home/runner/workspace/node_modules/.vite/deps/react-dom_client.js","duration":"1688.804267ms"}}
{"timestamp":"2025-08-13T16:42:28.411Z","level":"INFO","message":"API Request: GET /@fs/home/runner/workspace/node_modules/.vite/deps/wouter.js","metadata":{"method":"GET","path":"/@fs/home/runner/workspace/node_modules/.vite/deps/wouter.js","responseTime":219,"statusCode":200}}
{"timestamp":"2025-08-13T16:42:28.453Z","level":"INFO","message":"API Request: GET /@fs/home/runner/workspace/node_modules/.vite/deps/react_jsx-dev-runtime.js","metadata":{"method":"GET","path":"/@fs/home/runner/workspace/node_modules/.vite/deps/react_jsx-dev-runtime.js","responseTime":1758,"statusCode":200}}
{"timestamp":"2025-08-13T16:42:28.453Z","level":"WARN","message":"Slow API request","metadata":{"method":"GET","path":"/@fs/home/runner/workspace/node_modules/.vite/deps/react_jsx-dev-runtime.js","duration":"1758.260976ms"}}
{"timestamp":"2025-08-13T16:42:28.463Z","level":"INFO","message":"API Request: GET /@fs/home/runner/workspace/node_modules/.vite/deps/@tanstack_react-query.js","metadata":{"method":"GET","path":"/@fs/home/runner/workspace/node_modules/.vite/deps/@tanstack_react-query.js","responseTime":206,"statusCode":200}}
{"timestamp":"2025-08-13T16:42:28.468Z","level":"INFO","message":"API Request: GET /@fs/home/runner/workspace/node_modules/.vite/deps/@radix-ui_react-tooltip.js","metadata":{"method":"GET","path":"/@fs/home/runner/workspace/node_modules/.vite/deps/@radix-ui_react-tooltip.js","responseTime":105,"statusCode":200}}
{"timestamp":"2025-08-13T16:42:28.491Z","level":"INFO","message":"API Request: GET /src/hooks/use-toast.ts","metadata":{"method":"GET","path":"/src/hooks/use-toast.ts","responseTime":37,"statusCode":200}}
{"timestamp":"2025-08-13T16:42:28.497Z","level":"INFO","message":"API Request: GET /src/components/ui/button.tsx","metadata":{"method":"GET","path":"/src/components/ui/button.tsx","responseTime":32,"statusCode":200}}
{"timestamp":"2025-08-13T16:42:28.498Z","level":"INFO","message":"API Request: GET /src/components/ui/toast.tsx","metadata":{"method":"GET","path":"/src/components/ui/toast.tsx","responseTime":34,"statusCode":200}}
{"timestamp":"2025-08-13T16:42:28.508Z","level":"INFO","message":"API Request: GET /src/components/ui/card.tsx","metadata":{"method":"GET","path":"/src/components/ui/card.tsx","responseTime":35,"statusCode":200}}
{"timestamp":"2025-08-13T16:42:28.510Z","level":"INFO","message":"API Request: GET /@fs/home/runner/workspace/node_modules/.vite/deps/clsx.js","metadata":{"method":"GET","path":"/@fs/home/runner/workspace/node_modules/.vite/deps/clsx.js","responseTime":0,"statusCode":200}}
{"timestamp":"2025-08-13T16:42:28.511Z","level":"INFO","message":"API Request: GET /src/components/ui/badge.tsx","metadata":{"method":"GET","path":"/src/components/ui/badge.tsx","responseTime":19,"statusCode":200}}
{"timestamp":"2025-08-13T16:42:28.514Z","level":"INFO","message":"API Request: GET /@fs/home/runner/workspace/node_modules/.vite/deps/chunk-4MBMRILA.js","metadata":{"method":"GET","path":"/@fs/home/runner/workspace/node_modules/.vite/deps/chunk-4MBMRILA.js","responseTime":5,"statusCode":200}}
{"timestamp":"2025-08-13T16:42:28.516Z","level":"INFO","message":"API Request: GET /@fs/home/runner/workspace/node_modules/.vite/deps/chunk-3TFVT2CW.js","metadata":{"method":"GET","path":"/@fs/home/runner/workspace/node_modules/.vite/deps/chunk-3TFVT2CW.js","responseTime":16,"statusCode":200}}
{"timestamp":"2025-08-13T16:42:28.522Z","level":"INFO","message":"API Request: GET /@fs/home/runner/workspace/node_modules/.vite/deps/lucide-react.js","metadata":{"method":"GET","path":"/@fs/home/runner/workspace/node_modules/.vite/deps/lucide-react.js","responseTime":29,"statusCode":200}}
{"timestamp":"2025-08-13T16:42:28.547Z","level":"INFO","message":"API Request: GET /@fs/home/runner/workspace/node_modules/.vite/deps/@radix-ui_react-slot.js","metadata":{"method":"GET","path":"/@fs/home/runner/workspace/node_modules/.vite/deps/@radix-ui_react-slot.js","responseTime":1,"statusCode":200}}
{"timestamp":"2025-08-13T16:42:28.548Z","level":"INFO","message":"API Request: GET /@fs/home/runner/workspace/node_modules/.vite/deps/tailwind-merge.js","metadata":{"method":"GET","path":"/@fs/home/runner/workspace/node_modules/.vite/deps/tailwind-merge.js","responseTime":18,"statusCode":200}}
{"timestamp":"2025-08-13T16:42:28.549Z","level":"INFO","message":"API Request: GET /@fs/home/runner/workspace/node_modules/.vite/deps/chunk-S77I6LSE.js","metadata":{"method":"GET","path":"/@fs/home/runner/workspace/node_modules/.vite/deps/chunk-S77I6LSE.js","responseTime":6,"statusCode":200}}
{"timestamp":"2025-08-13T16:42:28.551Z","level":"INFO","message":"API Request: GET /@fs/home/runner/workspace/node_modules/.vite/deps/chunk-5S42QOQO.js","metadata":{"method":"GET","path":"/@fs/home/runner/workspace/node_modules/.vite/deps/chunk-5S42QOQO.js","responseTime":6,"statusCode":200}}
{"timestamp":"2025-08-13T16:42:28.552Z","level":"INFO","message":"API Request: GET /@fs/home/runner/workspace/node_modules/.vite/deps/chunk-YNVQRCZ5.js","metadata":{"method":"GET","path":"/@fs/home/runner/workspace/node_modules/.vite/deps/chunk-YNVQRCZ5.js","responseTime":8,"statusCode":200}}
{"timestamp":"2025-08-13T16:42:28.564Z","level":"INFO","message":"API Request: GET /@fs/home/runner/workspace/node_modules/.vite/deps/chunk-U7P2NEEE.js","metadata":{"method":"GET","path":"/@fs/home/runner/workspace/node_modules/.vite/deps/chunk-U7P2NEEE.js","responseTime":5,"statusCode":200}}
{"timestamp":"2025-08-13T16:42:28.570Z","level":"INFO","message":"API Request: GET /@fs/home/runner/workspace/node_modules/.vite/deps/class-variance-authority.js","metadata":{"method":"GET","path":"/@fs/home/runner/workspace/node_modules/.vite/deps/class-variance-authority.js","responseTime":14,"statusCode":200}}
{"timestamp":"2025-08-13T16:42:28.571Z","level":"INFO","message":"API Request: GET /@fs/home/runner/workspace/node_modules/.vite/deps/@radix-ui_react-toast.js","metadata":{"method":"GET","path":"/@fs/home/runner/workspace/node_modules/.vite/deps/@radix-ui_react-toast.js","responseTime":14,"statusCode":200}}
{"timestamp":"2025-08-13T16:42:28.577Z","level":"INFO","message":"API Request: GET /@fs/home/runner/workspace/node_modules/.vite/deps/chunk-WERSD76P.js","metadata":{"method":"GET","path":"/@fs/home/runner/workspace/node_modules/.vite/deps/chunk-WERSD76P.js","responseTime":45,"statusCode":200}}
{"timestamp":"2025-08-13T16:42:54.676Z","level":"INFO","message":"Performance middleware configured"}
{"timestamp":"2025-08-13T16:42:54.758Z","level":"INFO","message":"Looper server started on port 5000","metadata":{"environment":"development","port":5000,"timestamp":"2025-08-13T16:42:54.758Z"}}
{"timestamp":"2025-08-13T16:43:23.588Z","level":"INFO","message":"API Request: GET /","metadata":{"method":"GET","path":"/","responseTime":56,"statusCode":200}}
{"timestamp":"2025-08-13T16:43:24.312Z","level":"INFO","message":"API Request: GET /@react-refresh","metadata":{"method":"GET","path":"/@react-refresh","responseTime":78,"statusCode":304}}
{"timestamp":"2025-08-13T16:43:24.319Z","level":"INFO","message":"API Request: GET /@vite/client","metadata":{"method":"GET","path":"/@vite/client","responseTime":95,"statusCode":200}}
{"timestamp":"2025-08-13T16:43:24.329Z","level":"INFO","message":"API Request: GET /@fs/home/runner/workspace/node_modules/vite/dist/client/env.mjs","metadata":{"method":"GET","path":"/@fs/home/runner/workspace/node_modules/vite/dist/client/env.mjs","responseTime":1,"statusCode":304}}
{"timestamp":"2025-08-13T16:43:24.349Z","level":"INFO","message":"API Request: GET /src/main.tsx","metadata":{"method":"GET","path":"/src/main.tsx","responseTime":119,"statusCode":200}}
{"timestamp":"2025-08-13T16:43:24.444Z","level":"INFO","message":"API Request: GET /@fs/home/runner/workspace/node_modules/.vite/deps/react-dom_client.js","metadata":{"method":"GET","path":"/@fs/home/runner/workspace/node_modules/.vite/deps/react-dom_client.js","responseTime":20,"statusCode":200}}
{"timestamp":"2025-08-13T16:43:24.445Z","level":"INFO","message":"API Request: GET /@fs/home/runner/workspace/node_modules/.vite/deps/react_jsx-dev-runtime.js","metadata":{"method":"GET","path":"/@fs/home/runner/workspace/node_modules/.vite/deps/react_jsx-dev-runtime.js","responseTime":22,"statusCode":200}}
{"timestamp":"2025-08-13T16:43:24.460Z","level":"INFO","message":"API Request: GET /src/App.tsx","metadata":{"method":"GET","path":"/src/App.tsx","responseTime":35,"statusCode":200}}
{"timestamp":"2025-08-13T16:43:25.247Z","level":"INFO","message":"API Request: GET /@fs/home/runner/workspace/node_modules/.vite/deps/chunk-4MBMRILA.js","metadata":{"method":"GET","path":"/@fs/home/runner/workspace/node_modules/.vite/deps/chunk-4MBMRILA.js","responseTime":130,"statusCode":200}}
{"timestamp":"2025-08-13T16:43:25.248Z","level":"INFO","message":"API Request: GET /@fs/home/runner/workspace/node_modules/.vite/deps/chunk-3TFVT2CW.js","metadata":{"method":"GET","path":"/@fs/home/runner/workspace/node_modules/.vite/deps/chunk-3TFVT2CW.js","responseTime":784,"statusCode":200}}
{"timestamp":"2025-08-13T16:43:25.263Z","level":"INFO","message":"API Request: GET /@fs/home/runner/workspace/node_modules/.vite/deps/wouter.js","metadata":{"method":"GET","path":"/@fs/home/runner/workspace/node_modules/.vite/deps/wouter.js","responseTime":36,"statusCode":200}}
{"timestamp":"2025-08-13T16:43:26.061Z","level":"INFO","message":"API Request: GET /src/lib/queryClient.ts","metadata":{"method":"GET","path":"/src/lib/queryClient.ts","responseTime":816,"statusCode":200}}
{"timestamp":"2025-08-13T16:43:26.066Z","level":"INFO","message":"API Request: GET /src/components/ui/toaster.tsx","metadata":{"method":"GET","path":"/src/components/ui/toaster.tsx","responseTime":716,"statusCode":200}}
{"timestamp":"2025-08-13T16:43:26.070Z","level":"INFO","message":"API Request: GET /src/components/ui/tooltip.tsx","metadata":{"method":"GET","path":"/src/components/ui/tooltip.tsx","responseTime":11,"statusCode":200}}
{"timestamp":"2025-08-13T16:43:26.072Z","level":"INFO","message":"API Request: GET /src/index.css","metadata":{"method":"GET","path":"/src/index.css","responseTime":1617,"statusCode":200}}
{"timestamp":"2025-08-13T16:43:26.072Z","level":"WARN","message":"Slow API request","metadata":{"method":"GET","path":"/src/index.css","duration":"1617.549598ms"}}
{"timestamp":"2025-08-13T16:43:26.074Z","level":"INFO","message":"API Request: GET /@fs/home/runner/workspace/node_modules/.vite/deps/@tanstack_react-query.js","metadata":{"method":"GET","path":"/@fs/home/runner/workspace/node_modules/.vite/deps/@tanstack_react-query.js","responseTime":727,"statusCode":200}}
{"timestamp":"2025-08-13T16:43:26.196Z","level":"INFO","message":"API Request: GET /src/hooks/useAuth.ts","metadata":{"method":"GET","path":"/src/hooks/useAuth.ts","responseTime":125,"statusCode":200}}
{"timestamp":"2025-08-13T16:43:26.210Z","level":"INFO","message":"API Request: GET /@fs/home/runner/workspace/node_modules/.vite/deps/react.js","metadata":{"method":"GET","path":"/@fs/home/runner/workspace/node_modules/.vite/deps/react.js","responseTime":1,"statusCode":200}}
{"timestamp":"2025-08-13T16:43:26.230Z","level":"INFO","message":"API Request: GET /@fs/home/runner/workspace/node_modules/.vite/deps/chunk-WERSD76P.js","metadata":{"method":"GET","path":"/@fs/home/runner/workspace/node_modules/.vite/deps/chunk-WERSD76P.js","responseTime":1767,"statusCode":200}}
{"timestamp":"2025-08-13T16:43:26.231Z","level":"WARN","message":"Slow API request","metadata":{"method":"GET","path":"/@fs/home/runner/workspace/node_modules/.vite/deps/chunk-WERSD76P.js","duration":"1767.992768ms"}}
{"timestamp":"2025-08-13T16:43:26.239Z","level":"INFO","message":"API Request: GET /src/lib/utils.ts","metadata":{"method":"GET","path":"/src/lib/utils.ts","responseTime":1,"statusCode":200}}
{"timestamp":"2025-08-13T16:43:26.264Z","level":"INFO","message":"API Request: GET /src/pages/landing.tsx","metadata":{"method":"GET","path":"/src/pages/landing.tsx","responseTime":77,"statusCode":200}}
{"timestamp":"2025-08-13T16:43:26.269Z","level":"INFO","message":"API Request: GET /src/pages/not-found.tsx","metadata":{"method":"GET","path":"/src/pages/not-found.tsx","responseTime":68,"statusCode":200}}
{"timestamp":"2025-08-13T16:43:26.275Z","level":"INFO","message":"API Request: GET /src/pages/home.tsx","metadata":{"method":"GET","path":"/src/pages/home.tsx","responseTime":77,"statusCode":200}}
{"timestamp":"2025-08-13T16:43:26.297Z","level":"INFO","message":"API Request: GET /@fs/home/runner/workspace/node_modules/.vite/deps/clsx.js","metadata":{"method":"GET","path":"/@fs/home/runner/workspace/node_modules/.vite/deps/clsx.js","responseTime":3,"statusCode":200}}
{"timestamp":"2025-08-13T16:43:26.307Z","level":"INFO","message":"API Request: GET /@fs/home/runner/workspace/node_modules/.vite/deps/@radix-ui_react-tooltip.js","metadata":{"method":"GET","path":"/@fs/home/runner/workspace/node_modules/.vite/deps/@radix-ui_react-tooltip.js","responseTime":68,"statusCode":200}}
{"timestamp":"2025-08-13T16:43:26.316Z","level":"INFO","message":"API Request: GET /src/components/ui/toast.tsx","metadata":{"method":"GET","path":"/src/components/ui/toast.tsx","responseTime":25,"statusCode":200}}
{"timestamp":"2025-08-13T16:43:26.318Z","level":"INFO","message":"API Request: GET /src/hooks/use-toast.ts","metadata":{"method":"GET","path":"/src/hooks/use-toast.ts","responseTime":28,"statusCode":200}}
{"timestamp":"2025-08-13T16:43:26.319Z","level":"INFO","message":"API Request: GET /@fs/home/runner/workspace/node_modules/.vite/deps/chunk-S77I6LSE.js","metadata":{"method":"GET","path":"/@fs/home/runner/workspace/node_modules/.vite/deps/chunk-S77I6LSE.js","responseTime":27,"statusCode":200}}
{"timestamp":"2025-08-13T16:43:26.320Z","level":"INFO","message":"API Request: GET /@fs/home/runner/workspace/node_modules/.vite/deps/tailwind-merge.js","metadata":{"method":"GET","path":"/@fs/home/runner/workspace/node_modules/.vite/deps/tailwind-merge.js","responseTime":12,"statusCode":200}}
{"timestamp":"2025-08-13T16:43:26.349Z","level":"INFO","message":"API Request: GET /src/components/ui/button.tsx","metadata":{"method":"GET","path":"/src/components/ui/button.tsx","responseTime":6,"statusCode":200}}
{"timestamp":"2025-08-13T16:43:26.349Z","level":"INFO","message":"API Request: GET /src/components/ui/card.tsx","metadata":{"method":"GET","path":"/src/components/ui/card.tsx","responseTime":5,"statusCode":200}}
{"timestamp":"2025-08-13T16:43:26.365Z","level":"INFO","message":"API Request: GET /@fs/home/runner/workspace/node_modules/.vite/deps/chunk-U7P2NEEE.js","metadata":{"method":"GET","path":"/@fs/home/runner/workspace/node_modules/.vite/deps/chunk-U7P2NEEE.js","responseTime":1,"statusCode":200}}
{"timestamp":"2025-08-13T16:43:26.375Z","level":"INFO","message":"API Request: GET /src/components/ui/badge.tsx","metadata":{"method":"GET","path":"/src/components/ui/badge.tsx","responseTime":14,"statusCode":200}}
{"timestamp":"2025-08-13T16:43:26.376Z","level":"INFO","message":"API Request: GET /@fs/home/runner/workspace/node_modules/.vite/deps/chunk-YNVQRCZ5.js","metadata":{"method":"GET","path":"/@fs/home/runner/workspace/node_modules/.vite/deps/chunk-YNVQRCZ5.js","responseTime":11,"statusCode":200}}
{"timestamp":"2025-08-13T16:43:26.387Z","level":"INFO","message":"API Request: GET /@fs/home/runner/workspace/node_modules/.vite/deps/chunk-5S42QOQO.js","metadata":{"method":"GET","path":"/@fs/home/runner/workspace/node_modules/.vite/deps/chunk-5S42QOQO.js","responseTime":21,"statusCode":200}}
{"timestamp":"2025-08-13T16:43:26.388Z","level":"INFO","message":"API Request: GET /@fs/home/runner/workspace/node_modules/.vite/deps/@radix-ui_react-toast.js","metadata":{"method":"GET","path":"/@fs/home/runner/workspace/node_modules/.vite/deps/@radix-ui_react-toast.js","responseTime":15,"statusCode":200}}
{"timestamp":"2025-08-13T16:43:26.390Z","level":"INFO","message":"API Request: GET /@fs/home/runner/workspace/node_modules/.vite/deps/@radix-ui_react-slot.js","metadata":{"method":"GET","path":"/@fs/home/runner/workspace/node_modules/.vite/deps/@radix-ui_react-slot.js","responseTime":1,"statusCode":200}}
{"timestamp":"2025-08-13T16:43:26.397Z","level":"INFO","message":"API Request: GET /@fs/home/runner/workspace/node_modules/.vite/deps/class-variance-authority.js","metadata":{"method":"GET","path":"/@fs/home/runner/workspace/node_modules/.vite/deps/class-variance-authority.js","responseTime":12,"statusCode":200}}
{"timestamp":"2025-08-13T16:43:26.402Z","level":"INFO","message":"API Request: GET /@fs/home/runner/workspace/node_modules/.vite/deps/lucide-react.js","metadata":{"method":"GET","path":"/@fs/home/runner/workspace/node_modules/.vite/deps/lucide-react.js","responseTime":39,"statusCode":200}}
{"timestamp":"2025-08-13T16:43:26.639Z","level":"INFO","message":"API Request: GET /","metadata":{"method":"GET","path":"/","responseTime":22,"statusCode":200}}
{"timestamp":"2025-08-13T16:44:35.811Z","level":"INFO","message":"API Request: GET /","metadata":{"method":"GET","path":"/","responseTime":5,"statusCode":200}}
{"timestamp":"2025-08-13T16:44:37.175Z","level":"INFO","message":"API Request: GET /src/main.tsx","metadata":{"method":"GET","path":"/src/main.tsx","responseTime":2,"statusCode":200}}
{"timestamp":"2025-08-13T16:44:37.176Z","level":"INFO","message":"API Request: GET /@vite/client","metadata":{"method":"GET","path":"/@vite/client","responseTime":22,"statusCode":200}}
{"timestamp":"2025-08-13T16:44:38.277Z","level":"INFO","message":"API Request: GET /@fs/home/runner/workspace/node_modules/vite/dist/client/env.mjs","metadata":{"method":"GET","path":"/@fs/home/runner/workspace/node_modules/vite/dist/client/env.mjs","responseTime":6,"statusCode":200}}
{"timestamp":"2025-08-13T16:44:38.278Z","level":"INFO","message":"API Request: GET /@fs/home/runner/workspace/node_modules/.vite/deps/react_jsx-dev-runtime.js","metadata":{"method":"GET","path":"/@fs/home/runner/workspace/node_modules/.vite/deps/react_jsx-dev-runtime.js","responseTime":5,"statusCode":200}}
{"timestamp":"2025-08-13T16:44:38.282Z","level":"INFO","message":"API Request: GET /@react-refresh","metadata":{"method":"GET","path":"/@react-refresh","responseTime":6,"statusCode":200}}
{"timestamp":"2025-08-13T16:44:38.282Z","level":"INFO","message":"API Request: GET /@fs/home/runner/workspace/node_modules/.vite/deps/react-dom_client.js","metadata":{"method":"GET","path":"/@fs/home/runner/workspace/node_modules/.vite/deps/react-dom_client.js","responseTime":3,"statusCode":200}}
{"timestamp":"2025-08-13T16:44:38.546Z","level":"INFO","message":"API Request: GET /src/App.tsx","metadata":{"method":"GET","path":"/src/App.tsx","responseTime":3,"statusCode":200}}
{"timestamp":"2025-08-13T16:44:38.549Z","level":"INFO","message":"API Request: GET /src/index.css","metadata":{"method":"GET","path":"/src/index.css","responseTime":5,"statusCode":200}}
{"timestamp":"2025-08-13T16:44:38.550Z","level":"INFO","message":"API Request: GET /@fs/home/runner/workspace/node_modules/.vite/deps/chunk-4MBMRILA.js","metadata":{"method":"GET","path":"/@fs/home/runner/workspace/node_modules/.vite/deps/chunk-4MBMRILA.js","responseTime":2,"statusCode":200}}
{"timestamp":"2025-08-13T16:44:38.552Z","level":"INFO","message":"API Request: GET /@fs/home/runner/workspace/node_modules/.vite/deps/chunk-3TFVT2CW.js","metadata":{"method":"GET","path":"/@fs/home/runner/workspace/node_modules/.vite/deps/chunk-3TFVT2CW.js","responseTime":2,"statusCode":200}}
{"timestamp":"2025-08-13T16:44:39.428Z","level":"INFO","message":"API Request: GET /@fs/home/runner/workspace/node_modules/.vite/deps/@tanstack_react-query.js","metadata":{"method":"GET","path":"/@fs/home/runner/workspace/node_modules/.vite/deps/@tanstack_react-query.js","responseTime":9,"statusCode":200}}
{"timestamp":"2025-08-13T16:44:39.430Z","level":"INFO","message":"API Request: GET /src/lib/queryClient.ts","metadata":{"method":"GET","path":"/src/lib/queryClient.ts","responseTime":3,"statusCode":200}}
{"timestamp":"2025-08-13T16:44:39.437Z","level":"INFO","message":"API Request: GET /@fs/home/runner/workspace/node_modules/.vite/deps/wouter.js","metadata":{"method":"GET","path":"/@fs/home/runner/workspace/node_modules/.vite/deps/wouter.js","responseTime":8,"statusCode":200}}
{"timestamp":"2025-08-13T16:44:39.441Z","level":"INFO","message":"API Request: GET /@fs/home/runner/workspace/node_modules/.vite/deps/chunk-WERSD76P.js","metadata":{"method":"GET","path":"/@fs/home/runner/workspace/node_modules/.vite/deps/chunk-WERSD76P.js","responseTime":21,"statusCode":200}}
{"timestamp":"2025-08-13T16:44:39.798Z","level":"INFO","message":"API Request: GET /src/pages/landing.tsx","metadata":{"method":"GET","path":"/src/pages/landing.tsx","responseTime":7,"statusCode":200}}
{"timestamp":"2025-08-13T16:44:39.800Z","level":"INFO","message":"API Request: GET /src/pages/home.tsx","metadata":{"method":"GET","path":"/src/pages/home.tsx","responseTime":6,"statusCode":200}}
{"timestamp":"2025-08-13T16:44:39.801Z","level":"INFO","message":"API Request: GET /src/components/ui/toaster.tsx","metadata":{"method":"GET","path":"/src/components/ui/toaster.tsx","responseTime":5,"statusCode":200}}
{"timestamp":"2025-08-13T16:44:39.802Z","level":"INFO","message":"API Request: GET /src/hooks/useAuth.ts","metadata":{"method":"GET","path":"/src/hooks/useAuth.ts","responseTime":2,"statusCode":200}}
{"timestamp":"2025-08-13T16:44:39.803Z","level":"INFO","message":"API Request: GET /src/components/ui/tooltip.tsx","metadata":{"method":"GET","path":"/src/components/ui/tooltip.tsx","responseTime":2,"statusCode":200}}
{"timestamp":"2025-08-13T16:44:40.070Z","level":"INFO","message":"API Request: GET /src/pages/not-found.tsx","metadata":{"method":"GET","path":"/src/pages/not-found.tsx","responseTime":3,"statusCode":200}}
{"timestamp":"2025-08-13T16:44:40.071Z","level":"INFO","message":"API Request: GET /@fs/home/runner/workspace/node_modules/.vite/deps/chunk-S77I6LSE.js","metadata":{"method":"GET","path":"/@fs/home/runner/workspace/node_modules/.vite/deps/chunk-S77I6LSE.js","responseTime":3,"statusCode":200}}
{"timestamp":"2025-08-13T16:44:40.077Z","level":"INFO","message":"API Request: GET /src/components/ui/button.tsx","metadata":{"method":"GET","path":"/src/components/ui/button.tsx","responseTime":2,"statusCode":200}}
{"timestamp":"2025-08-13T16:44:40.100Z","level":"INFO","message":"API Request: GET /src/components/ui/badge.tsx","metadata":{"method":"GET","path":"/src/components/ui/badge.tsx","responseTime":5,"statusCode":200}}
{"timestamp":"2025-08-13T16:44:40.101Z","level":"INFO","message":"API Request: GET /src/components/ui/card.tsx","metadata":{"method":"GET","path":"/src/components/ui/card.tsx","responseTime":5,"statusCode":200}}
{"timestamp":"2025-08-13T16:44:40.333Z","level":"INFO","message":"API Request: GET /src/hooks/use-toast.ts","metadata":{"method":"GET","path":"/src/hooks/use-toast.ts","responseTime":2,"statusCode":200}}
{"timestamp":"2025-08-13T16:44:40.336Z","level":"INFO","message":"API Request: GET /@fs/home/runner/workspace/node_modules/.vite/deps/react.js","metadata":{"method":"GET","path":"/@fs/home/runner/workspace/node_modules/.vite/deps/react.js","responseTime":0,"statusCode":200}}
{"timestamp":"2025-08-13T16:44:40.340Z","level":"INFO","message":"API Request: GET /@fs/home/runner/workspace/node_modules/.vite/deps/lucide-react.js","metadata":{"method":"GET","path":"/@fs/home/runner/workspace/node_modules/.vite/deps/lucide-react.js","responseTime":17,"statusCode":200}}
{"timestamp":"2025-08-13T16:44:40.346Z","level":"INFO","message":"API Request: GET /src/components/ui/toast.tsx","metadata":{"method":"GET","path":"/src/components/ui/toast.tsx","responseTime":2,"statusCode":200}}
{"timestamp":"2025-08-13T16:44:40.416Z","level":"INFO","message":"API Request: GET /src/lib/utils.ts","metadata":{"method":"GET","path":"/src/lib/utils.ts","responseTime":0,"statusCode":200}}
{"timestamp":"2025-08-13T16:44:40.419Z","level":"INFO","message":"API Request: GET /@fs/home/runner/workspace/node_modules/.vite/deps/@radix-ui_react-tooltip.js","metadata":{"method":"GET","path":"/@fs/home/runner/workspace/node_modules/.vite/deps/@radix-ui_react-tooltip.js","responseTime":4,"statusCode":200}}
{"timestamp":"2025-08-13T16:44:40.640Z","level":"INFO","message":"API Request: GET /@fs/home/runner/workspace/node_modules/.vite/deps/@radix-ui_react-slot.js","metadata":{"method":"GET","path":"/@fs/home/runner/workspace/node_modules/.vite/deps/@radix-ui_react-slot.js","responseTime":0,"statusCode":200}}
{"timestamp":"2025-08-13T16:44:40.643Z","level":"INFO","message":"API Request: GET /@fs/home/runner/workspace/node_modules/.vite/deps/class-variance-authority.js","metadata":{"method":"GET","path":"/@fs/home/runner/workspace/node_modules/.vite/deps/class-variance-authority.js","responseTime":2,"statusCode":200}}
{"timestamp":"2025-08-13T16:44:40.649Z","level":"INFO","message":"API Request: GET /@fs/home/runner/workspace/node_modules/.vite/deps/@radix-ui_react-toast.js","metadata":{"method":"GET","path":"/@fs/home/runner/workspace/node_modules/.vite/deps/@radix-ui_react-toast.js","responseTime":2,"statusCode":200}}
{"timestamp":"2025-08-13T16:44:40.684Z","level":"INFO","message":"API Request: GET /@fs/home/runner/workspace/node_modules/.vite/deps/clsx.js","metadata":{"method":"GET","path":"/@fs/home/runner/workspace/node_modules/.vite/deps/clsx.js","responseTime":0,"statusCode":200}}
{"timestamp":"2025-08-13T16:44:40.692Z","level":"INFO","message":"API Request: GET /@fs/home/runner/workspace/node_modules/.vite/deps/tailwind-merge.js","metadata":{"method":"GET","path":"/@fs/home/runner/workspace/node_modules/.vite/deps/tailwind-merge.js","responseTime":2,"statusCode":200}}
{"timestamp":"2025-08-13T16:44:40.870Z","level":"INFO","message":"API Request: GET /@fs/home/runner/workspace/node_modules/.vite/deps/chunk-YNVQRCZ5.js","metadata":{"method":"GET","path":"/@fs/home/runner/workspace/node_modules/.vite/deps/chunk-YNVQRCZ5.js","responseTime":2,"statusCode":200}}
{"timestamp":"2025-08-13T16:44:41.060Z","level":"INFO","message":"API Request: GET /@fs/home/runner/workspace/node_modules/.vite/deps/chunk-5S42QOQO.js","metadata":{"method":"GET","path":"/@fs/home/runner/workspace/node_modules/.vite/deps/chunk-5S42QOQO.js","responseTime":1,"statusCode":200}}
{"timestamp":"2025-08-13T16:44:41.064Z","level":"INFO","message":"API Request: GET /@fs/home/runner/workspace/node_modules/.vite/deps/chunk-U7P2NEEE.js","metadata":{"method":"GET","path":"/@fs/home/runner/workspace/node_modules/.vite/deps/chunk-U7P2NEEE.js","responseTime":1,"statusCode":200}}
{"timestamp":"2025-08-13T16:44:41.661Z","level":"INFO","message":"API Request: GET /","metadata":{"method":"GET","path":"/","responseTime":5,"statusCode":200}}
{"timestamp":"2025-08-13T16:44:51.380Z","level":"INFO","message":"API Request: GET /","metadata":{"method":"GET","path":"/","responseTime":2,"statusCode":301}}
{"timestamp":"2025-08-13T16:44:51.735Z","level":"INFO","message":"API Request: GET /","metadata":{"method":"GET","path":"/","responseTime":4,"statusCode":200}}
{"timestamp":"2025-08-13T16:44:52.344Z","level":"INFO","message":"API Request: GET /swagger-ui-init.js","metadata":{"method":"GET","path":"/swagger-ui-init.js","responseTime":6,"statusCode":200}}
{"timestamp":"2025-08-13T16:44:52.351Z","level":"INFO","message":"API Request: GET /swagger-ui.css","metadata":{"method":"GET","path":"/swagger-ui.css","responseTime":21,"statusCode":200}}
{"timestamp":"2025-08-13T16:44:52.354Z","level":"INFO","message":"API Request: GET /swagger-ui-standalone-preset.js","metadata":{"method":"GET","path":"/swagger-ui-standalone-preset.js","responseTime":18,"statusCode":200}}
{"timestamp":"2025-08-13T16:44:52.416Z","level":"INFO","message":"API Request: GET /swagger-ui-bundle.js","metadata":{"method":"GET","path":"/swagger-ui-bundle.js","responseTime":75,"statusCode":200}}
{"timestamp":"2025-08-13T16:44:55.955Z","level":"INFO","message":"API Request: GET /favicon-32x32.png","metadata":{"method":"GET","path":"/favicon-32x32.png","responseTime":4,"statusCode":200}}
{"timestamp":"2025-08-13T16:44:56.479Z","level":"INFO","message":"API Request: GET /","metadata":{"method":"GET","path":"/","responseTime":2,"statusCode":200}}
{"timestamp":"2025-08-13T16:44:57.241Z","level":"INFO","message":"API Request: GET /","metadata":{"method":"GET","path":"/","responseTime":2,"statusCode":200}}
